[Tue Jan 11 11:15:42.769193 2022] [mpm_winnt:notice] [pid 5080:tid 536] AH00455: Apache/2.4.52 (Win32) OpenSSL/1.1.1m configured -- resuming normal operations
[Tue Jan 11 11:15:42.774195 2022] [mpm_winnt:notice] [pid 5080:tid 536] AH00456: Server built: Dec 17 2021 15:03:08
[Tue Jan 11 11:15:42.774195 2022] [core:notice] [pid 5080:tid 536] AH00094: Command line: 'httpd.exe -d C:/Apache24'
[Tue Jan 11 11:15:42.815454 2022] [mpm_winnt:notice] [pid 5080:tid 536] AH00418: Parent: Created child process 2448
Apache server interrupted...
022] [mpm_winnt:notice] [pid 2448:tid 1136] AH00354: Child: Starting 64 worker threads.
[Tue Jan 11 12:27:47.838651 2022] [mpm_winnt:notice] [pid 5080:tid 536] AH00422: Parent: Received shutdown signal -- Shutting down the server.
Apache server interrupted...
Apache server interrupted...
Apache server interrupted...
Apache server interrupted...
Apache server interrupted...
Apache server interrupted...
Apache server interrupted...
Apache server interrupted...
Apache server interrupted...
022] [mpm_winnt:notice] [pid 2448:tid 1136] AH00364: Child: All worker threads have exited.
[Tue Jan 11 12:27:50.044208 2022] [mpm_winnt:notice] [pid 5080:tid 536] AH00430: Parent: Child process 2448 exited successfully.
[Wed Jan 12 10:06:56.339447 2022] [mpm_winnt:notice] [pid 4472:tid 740] AH00455: Apache/2.4.52 (Win32) OpenSSL/1.1.1m configured -- resuming normal operations
[Wed Jan 12 10:06:56.381996 2022] [mpm_winnt:notice] [pid 4472:tid 740] AH00456: Server built: Dec 17 2021 15:03:08
[Wed Jan 12 10:06:56.381996 2022] [core:notice] [pid 4472:tid 740] AH00094: Command line: 'C:\\Apache24\\bin\\httpd.exe -d C:/Apache24'
[Wed Jan 12 10:06:56.463047 2022] [mpm_winnt:notice] [pid 4472:tid 740] AH00418: Parent: Created child process 2300
[Wed Jan 12 10:09:47.261254 2022] [core:warn] [pid 4332:tid 508] AH00098: pid file C:/Apache24/logs/httpd.pid overwritten -- Unclean shutdown of previous Apache run?
[Wed Jan 12 10:09:47.282497 2022] [mpm_winnt:notice] [pid 4332:tid 508] AH00455: Apache/2.4.52 (Win32) OpenSSL/1.1.1m configured -- resuming normal operations
[Wed Jan 12 10:09:47.282497 2022] [mpm_winnt:notice] [pid 4332:tid 508] AH00456: Server built: Dec 17 2021 15:03:08
[Wed Jan 12 10:09:47.282497 2022] [core:notice] [pid 4332:tid 508] AH00094: Command line: 'C:\\Apache24\\bin\\httpd.exe -d C:/Apache24'
[Wed Jan 12 10:09:47.405145 2022] [mpm_winnt:notice] [pid 4332:tid 508] AH00418: Parent: Created child process 2900
[Wed Jan 12 10:09:53.115715 2022] [mpm_winnt:notice] [pid 2900:tid 1136] AH00354: Child: Starting 64 worker threads.
[Wed Jan 12 19:26:21.224794 2022] [core:warn] [pid 4468:tid 780] AH00098: pid file C:/Apache24/logs/httpd.pid overwritten -- Unclean shutdown of previous Apache run?
[Wed Jan 12 19:26:21.245025 2022] [mpm_winnt:notice] [pid 4468:tid 780] AH00455: Apache/2.4.52 (Win32) OpenSSL/1.1.1m configured -- resuming normal operations
[Wed Jan 12 19:26:21.245025 2022] [mpm_winnt:notice] [pid 4468:tid 780] AH00456: Server built: Dec 17 2021 15:03:08
[Wed Jan 12 19:26:21.245025 2022] [core:notice] [pid 4468:tid 780] AH00094: Command line: 'C:\\Apache24\\bin\\httpd.exe -d C:/Apache24'
[Wed Jan 12 19:26:21.356948 2022] [mpm_winnt:notice] [pid 4468:tid 780] AH00418: Parent: Created child process 7100
[Wed Jan 12 19:26:26.798489 2022] [mpm_winnt:notice] [pid 7100:tid 1136] AH00354: Child: Starting 64 worker threads.
[Wed Jan 12 20:02:52.064345 2022] [mpm_winnt:notice] [pid 4468:tid 780] AH00422: Parent: Received shutdown signal -- Shutting down the server.
[Wed Jan 12 20:02:54.084923 2022] [mpm_winnt:notice] [pid 7100:tid 1136] AH00364: Child: All worker threads have exited.
[Wed Jan 12 20:02:54.154471 2022] [mpm_winnt:notice] [pid 4468:tid 780] AH00430: Parent: Child process 7100 exited successfully.
[Wed Jan 12 20:04:14.971677 2022] [mpm_winnt:notice] [pid 7844:tid 628] AH00455: Apache/2.4.52 (Win32) OpenSSL/1.1.1m configured -- resuming normal operations
[Wed Jan 12 20:04:14.978674 2022] [mpm_winnt:notice] [pid 7844:tid 628] AH00456: Server built: Dec 17 2021 15:03:08
[Wed Jan 12 20:04:14.978674 2022] [core:notice] [pid 7844:tid 628] AH00094: Command line: 'httpd.exe -d C:/Apache24'
[Wed Jan 12 20:04:15.034693 2022] [mpm_winnt:notice] [pid 7844:tid 628] AH00418: Parent: Created child process 16796
Apache server shutdown initiated...
pm_winnt:notice] [pid 16796:tid 1152] AH00354: Child: Starting 64 worker threads.
[Wed Jan 12 20:08:21.810972 2022] [mpm_winnt:notice] [pid 7844:tid 628] AH00422: Parent: Received shutdown signal -- Shutting down the server.
[Wed Jan 12 20:08:23.849249 2022] [mpm_winnt:notice] [pid 16796:tid 1152] AH00364: Child: All worker threads have exited.
[Wed Jan 12 20:08:23.979285 2022] [mpm_winnt:notice] [pid 7844:tid 628] AH00430: Parent: Child process 16796 exited successfully.
[Wed Jan 12 22:46:50.791931 2022] [mpm_winnt:notice] [pid 20632:tid 624] AH00455: Apache/2.4.52 (Win32) OpenSSL/1.1.1m configured -- resuming normal operations
[Wed Jan 12 22:46:50.791931 2022] [mpm_winnt:notice] [pid 20632:tid 624] AH00456: Server built: Dec 17 2021 15:03:08
[Wed Jan 12 22:46:50.791931 2022] [core:notice] [pid 20632:tid 624] AH00094: Command line: 'httpd.exe -d C:/Apache24'
[Wed Jan 12 22:46:50.838903 2022] [mpm_winnt:notice] [pid 20632:tid 624] AH00418: Parent: Created child process 2672
Apache server shutdown initiated...
pm_winnt:notice] [pid 2672:tid 1144] AH00354: Child: Starting 64 worker threads.
[Wed Jan 12 23:09:58.134203 2022] [mpm_winnt:notice] [pid 20632:tid 624] AH00422: Parent: Received shutdown signal -- Shutting down the server.
[Wed Jan 12 23:10:00.148076 2022] [mpm_winnt:notice] [pid 2672:tid 1144] AH00364: Child: All worker threads have exited.
[Wed Jan 12 23:10:00.228083 2022] [mpm_winnt:notice] [pid 20632:tid 624] AH00430: Parent: Child process 2672 exited successfully.
[Thu Jan 13 10:32:50.179773 2022] [mpm_winnt:notice] [pid 16036:tid 600] AH00455: Apache/2.4.52 (Win32) OpenSSL/1.1.1m configured -- resuming normal operations
[Thu Jan 13 10:32:50.186775 2022] [mpm_winnt:notice] [pid 16036:tid 600] AH00456: Server built: Dec 17 2021 15:03:08
[Thu Jan 13 10:32:50.186775 2022] [core:notice] [pid 16036:tid 600] AH00094: Command line: 'httpd.exe -d C:/Apache24'
[Thu Jan 13 10:32:50.245791 2022] [mpm_winnt:notice] [pid 16036:tid 600] AH00418: Parent: Created child process 16412
Apache server interrupted...
022] [mpm_winnt:notice] [pid 16412:tid 1136] AH00354: Child: Starting 64 worker threads.
[Thu Jan 13 10:35:00.913699 2022] [mpm_winnt:notice] [pid 16036:tid 600] AH00422: Parent: Received shutdown signal -- Shutting down the server.
Apache server interrupted...
Apache server interrupted...
[Thu Jan 13 10:35:02.923625 2022] [mpm_winnt:notice] [pid 16412:tid 1136] AH00364: Child: All worker threads have exited.
[Thu Jan 13 10:35:02.990068 2022] [mpm_winnt:notice] [pid 16036:tid 600] AH00430: Parent: Child process 16412 exited successfully.
[Thu Jan 13 10:35:10.090140 2022] [mpm_winnt:notice] [pid 9388:tid 692] AH00455: Apache/2.4.52 (Win32) OpenSSL/1.1.1m configured -- resuming normal operations
[Thu Jan 13 10:35:10.096143 2022] [mpm_winnt:notice] [pid 9388:tid 692] AH00456: Server built: Dec 17 2021 15:03:08
[Thu Jan 13 10:35:10.096143 2022] [core:notice] [pid 9388:tid 692] AH00094: Command line: 'httpd.exe -d C:/Apache24'
[Thu Jan 13 10:35:10.161160 2022] [mpm_winnt:notice] [pid 9388:tid 692] AH00418: Parent: Created child process 5820
Apache server interrupted...
022] [mpm_winnt:notice] [pid 5820:tid 1136] AH00354: Child: Starting 64 worker threads.
[Thu Jan 13 10:36:38.899456 2022] [mpm_winnt:notice] [pid 9388:tid 692] AH00422: Parent: Received shutdown signal -- Shutting down the server.
Apache server interrupted...
Apache server interrupted...
Apache server interrupted...
Apache server interrupted...
Apache server interrupted...
[Thu Jan 13 10:36:40.916863 2022] [mpm_winnt:notice] [pid 5820:tid 1136] AH00364: Child: All worker threads have exited.
[Thu Jan 13 10:36:40.976816 2022] [mpm_winnt:notice] [pid 9388:tid 692] AH00430: Parent: Child process 5820 exited successfully.
Apache server interrupted...
[Thu Jan 13 10:36:46.095999 2022] [mpm_winnt:notice] [pid 12240:tid 632] AH00455: Apache/2.4.52 (Win32) OpenSSL/1.1.1m configured -- resuming normal operations
[Thu Jan 13 10:36:46.100999 2022] [mpm_winnt:notice] [pid 12240:tid 632] AH00456: Server built: Dec 17 2021 15:03:08
[Thu Jan 13 10:36:46.100999 2022] [core:notice] [pid 12240:tid 632] AH00094: Command line: 'httpd.exe -d C:/Apache24'
[Thu Jan 13 10:36:46.170019 2022] [mpm_winnt:notice] [pid 12240:tid 632] AH00418: Parent: Created child process 18696
Apache server interrupted...
022] [mpm_winnt:notice] [pid 18696:tid 1136] AH00354: Child: Starting 64 worker threads.
[Thu Jan 13 10:37:41.465908 2022] [mpm_winnt:notice] [pid 12240:tid 632] AH00422: Parent: Received shutdown signal -- Shutting down the server.
Apache server interrupted...
Apache server interrupted...
Apache server interrupted...
Apache server interrupted...
Apache server interrupted...
Apache server interrupted...
Apache server interrupted...
Apache server interrupted...
[Thu Jan 13 10:37:43.475076 2022] [mpm_winnt:notice] [pid 18696:tid 1136] AH00364: Child: All worker threads have exited.
[Thu Jan 13 10:37:43.556987 2022] [mpm_winnt:notice] [pid 12240:tid 632] AH00430: Parent: Child process 18696 exited successfully.
[Thu Jan 13 10:38:09.919011 2022] [mpm_winnt:notice] [pid 17684:tid 528] AH00455: Apache/2.4.52 (Win32) OpenSSL/1.1.1m configured -- resuming normal operations
[Thu Jan 13 10:38:09.924014 2022] [mpm_winnt:notice] [pid 17684:tid 528] AH00456: Server built: Dec 17 2021 15:03:08
[Thu Jan 13 10:38:09.924014 2022] [core:notice] [pid 17684:tid 528] AH00094: Command line: 'httpd.exe -d C:/Apache24'
[Thu Jan 13 10:38:09.978583 2022] [mpm_winnt:notice] [pid 17684:tid 528] AH00418: Parent: Created child process 11388
Apache server interrupted...
022] [mpm_winnt:notice] [pid 11388:tid 1144] AH00354: Child: Starting 64 worker threads.
[Thu Jan 13 10:38:54.379074 2022] [mpm_winnt:notice] [pid 17684:tid 528] AH00422: Parent: Received shutdown signal -- Shutting down the server.
Apache server interrupted...
Apache server interrupted...
Apache server interrupted...
Apache server interrupted...
[Thu Jan 13 10:38:56.391813 2022] [mpm_winnt:notice] [pid 11388:tid 1144] AH00364: Child: All worker threads have exited.
[Thu Jan 13 10:38:56.460002 2022] [mpm_winnt:notice] [pid 17684:tid 528] AH00430: Parent: Child process 11388 exited successfully.
[Thu Jan 13 10:39:01.421980 2022] [mpm_winnt:notice] [pid 14532:tid 632] AH00455: Apache/2.4.52 (Win32) OpenSSL/1.1.1m configured -- resuming normal operations
[Thu Jan 13 10:39:01.427981 2022] [mpm_winnt:notice] [pid 14532:tid 632] AH00456: Server built: Dec 17 2021 15:03:08
[Thu Jan 13 10:39:01.427981 2022] [core:notice] [pid 14532:tid 632] AH00094: Command line: 'httpd.exe -d C:/Apache24'
[Thu Jan 13 10:39:01.498998 2022] [mpm_winnt:notice] [pid 14532:tid 632] AH00418: Parent: Created child process 13320
Apache server interrupted...
022] [mpm_winnt:notice] [pid 13320:tid 1140] AH00354: Child: Starting 64 worker threads.
[Thu Jan 13 10:42:22.204208 2022] [mpm_winnt:notice] [pid 14532:tid 632] AH00422: Parent: Received shutdown signal -- Shutting down the server.
Apache server interrupted...
Apache server interrupted...
Apache server interrupted...
Apache server interrupted...
022] [mpm_winnt:notice] [pid 13320:tid 1140] AH00364: Child: All worker threads have exited.
[Thu Jan 13 10:42:24.272790 2022] [mpm_winnt:notice] [pid 14532:tid 632] AH00430: Parent: Child process 13320 exited successfully.
[Thu Jan 13 10:44:38.982790 2022] [mpm_winnt:notice] [pid 21732:tid 576] AH00455: Apache/2.4.52 (Win32) OpenSSL/1.1.1m configured -- resuming normal operations
[Thu Jan 13 10:44:38.987796 2022] [mpm_winnt:notice] [pid 21732:tid 576] AH00456: Server built: Dec 17 2021 15:03:08
[Thu Jan 13 10:44:38.987796 2022] [core:notice] [pid 21732:tid 576] AH00094: Command line: 'httpd.exe -d C:/Apache24'
[Thu Jan 13 10:44:39.036843 2022] [mpm_winnt:notice] [pid 21732:tid 576] AH00418: Parent: Created child process 8312
Apache server interrupted...
022] [mpm_winnt:notice] [pid 8312:tid 1144] AH00354: Child: Starting 64 worker threads.
[Thu Jan 13 12:49:41.848364 2022] [mpm_winnt:notice] [pid 21732:tid 576] AH00422: Parent: Received shutdown signal -- Shutting down the server.
Apache server interrupted...
Apache server interrupted...
Apache server interrupted...
Apache server interrupted...
[Thu Jan 13 12:49:43.867295 2022] [mpm_winnt:notice] [pid 8312:tid 1144] AH00364: Child: All worker threads have exited.
[Thu Jan 13 12:49:43.971845 2022] [mpm_winnt:notice] [pid 21732:tid 576] AH00430: Parent: Child process 8312 exited successfully.
[Thu Jan 13 12:55:40.805023 2022] [mpm_winnt:notice] [pid 23772:tid 644] AH00455: Apache/2.4.52 (Win32) OpenSSL/1.1.1m configured -- resuming normal operations
[Thu Jan 13 12:55:40.810025 2022] [mpm_winnt:notice] [pid 23772:tid 644] AH00456: Server built: Dec 17 2021 15:03:08
[Thu Jan 13 12:55:40.810025 2022] [core:notice] [pid 23772:tid 644] AH00094: Command line: 'httpd.exe -d C:/Apache24'
[Thu Jan 13 12:55:40.870043 2022] [mpm_winnt:notice] [pid 23772:tid 644] AH00418: Parent: Created child process 5212
[Thu Jan 13 12:55:43.769648 2022] [mpm_winnt:notice] [pid 5212:tid 1140] AH00354: Child: Starting 64 worker threads.
[Thu Jan 13 13:44:31.557068 2022] [core:warn] [pid 4336:tid 748] AH00098: pid file C:/Apache24/logs/httpd.pid overwritten -- Unclean shutdown of previous Apache run?
[Thu Jan 13 13:44:31.609984 2022] [mpm_winnt:notice] [pid 4336:tid 748] AH00455: Apache/2.4.52 (Win32) OpenSSL/1.1.1m configured -- resuming normal operations
[Thu Jan 13 13:44:31.609984 2022] [mpm_winnt:notice] [pid 4336:tid 748] AH00456: Server built: Dec 17 2021 15:03:08
[Thu Jan 13 13:44:31.609984 2022] [core:notice] [pid 4336:tid 748] AH00094: Command line: 'C:\\Apache24\\bin\\httpd.exe -d C:/Apache24'
[Thu Jan 13 13:44:31.630217 2022] [mpm_winnt:notice] [pid 4336:tid 748] AH00418: Parent: Created child process 7076
[Thu Jan 13 13:44:36.898393 2022] [mpm_winnt:notice] [pid 7076:tid 1140] AH00354: Child: Starting 64 worker threads.
[Sat Jan 15 00:14:45.287944 2022] [mpm_winnt:notice] [pid 4336:tid 748] AH00422: Parent: Received shutdown signal -- Shutting down the server.
[Sat Jan 15 00:14:47.588116 2022] [mpm_winnt:notice] [pid 7076:tid 1140] AH00364: Child: All worker threads have exited.
[Sat Jan 15 00:14:47.760003 2022] [mpm_winnt:notice] [pid 4336:tid 748] AH00430: Parent: Child process 7076 exited successfully.
[Sat Jan 15 09:28:41.740099 2022] [mpm_winnt:notice] [pid 4104:tid 832] AH00455: Apache/2.4.52 (Win32) OpenSSL/1.1.1m configured -- resuming normal operations
[Sat Jan 15 09:28:41.748156 2022] [mpm_winnt:notice] [pid 4104:tid 832] AH00456: Server built: Dec 17 2021 15:03:08
[Sat Jan 15 09:28:41.748156 2022] [core:notice] [pid 4104:tid 832] AH00094: Command line: 'C:\\Apache24\\bin\\httpd.exe -d C:/Apache24'
[Sat Jan 15 09:28:41.993014 2022] [mpm_winnt:notice] [pid 4104:tid 832] AH00418: Parent: Created child process 4388
[Sat Jan 15 09:28:47.847755 2022] [mpm_winnt:notice] [pid 4388:tid 1148] AH00354: Child: Starting 64 worker threads.
[Sun Jan 16 19:33:01.174982 2022] [mpm_winnt:notice] [pid 4104:tid 832] AH00422: Parent: Received shutdown signal -- Shutting down the server.
[Sun Jan 16 19:33:04.368073 2022] [mpm_winnt:notice] [pid 4388:tid 1148] AH00364: Child: All worker threads have exited.
[Sun Jan 16 19:33:04.664967 2022] [mpm_winnt:notice] [pid 4104:tid 832] AH00430: Parent: Child process 4388 exited successfully.
[Sun Jan 16 23:17:04.355277 2022] [mpm_winnt:notice] [pid 5216:tid 616] AH00455: Apache/2.4.52 (Win32) OpenSSL/1.1.1m configured -- resuming normal operations
[Sun Jan 16 23:17:04.370900 2022] [mpm_winnt:notice] [pid 5216:tid 616] AH00456: Server built: Dec 17 2021 15:03:08
[Sun Jan 16 23:17:04.370900 2022] [core:notice] [pid 5216:tid 616] AH00094: Command line: 'C:\\Apache24\\bin\\httpd.exe -d C:/Apache24'
[Sun Jan 16 23:17:04.808959 2022] [mpm_winnt:notice] [pid 5216:tid 616] AH00418: Parent: Created child process 8664
[Mon Jan 17 09:15:28.768887 2022] [core:warn] [pid 4408:tid 688] AH00098: pid file C:/Apache24/logs/httpd.pid overwritten -- Unclean shutdown of previous Apache run?
[Mon Jan 17 09:15:28.779094 2022] [mpm_winnt:notice] [pid 4408:tid 688] AH00455: Apache/2.4.52 (Win32) OpenSSL/1.1.1m configured -- resuming normal operations
[Mon Jan 17 09:15:28.779094 2022] [mpm_winnt:notice] [pid 4408:tid 688] AH00456: Server built: Dec 17 2021 15:03:08
[Mon Jan 17 09:15:28.779094 2022] [core:notice] [pid 4408:tid 688] AH00094: Command line: 'C:\\Apache24\\bin\\httpd.exe -d C:/Apache24'
[Mon Jan 17 09:15:29.031990 2022] [mpm_winnt:notice] [pid 4408:tid 688] AH00418: Parent: Created child process 7136
[Mon Jan 17 09:15:34.320629 2022] [mpm_winnt:notice] [pid 7136:tid 1140] AH00354: Child: Starting 64 worker threads.
